<?xml version="1.0" encoding="UTF-8"?>
<!-- Generated by org.testng.reporters.JUnitXMLReporter -->
<testsuite ignored="0" hostname="DESKTOP-JKMLIMQ" failures="0" tests="3" name="Google" time="0.714" errors="0" timestamp="2023-10-17T21:23:31 IST">
  <testcase classname="testScripts.GoogleTest" name="@BeforeClass setUp" time="0.002">
    <failure type="java.lang.Error" message="Unresolved compilation problem: 
	Duplicate local variable driver
">
      <![CDATA[java.lang.Error: Unresolved compilation problem: 
Duplicate local variable driver

at common.reusable.createDriverInstance(reusable.java:36)
at testScripts.GoogleTest.setUp(GoogleTest.java:26)
at java.base/java.util.ArrayList.forEach(ArrayList.java:1511)
at java.base/java.util.concurrent.FutureTask.run(FutureTask.java:264)
at java.base/java.util.concurrent.ThreadPoolExecutor.runWorker(ThreadPoolExecutor.java:1136)
at java.base/java.util.concurrent.ThreadPoolExecutor$Worker.run(ThreadPoolExecutor.java:635)
at java.base/java.lang.Thread.run(Thread.java:833)
... Removed 15 stack frames]]>
    </failure>
  </testcase> <!-- @BeforeClass setUp -->
  <testcase classname="testScripts.W3School_Test" name="@BeforeClass setUp" time="0.031">
    <failure type="java.lang.Error" message="Unresolved compilation problem: 
	Duplicate local variable driver
">
      <![CDATA[java.lang.Error: Unresolved compilation problem: 
Duplicate local variable driver

at common.reusable.createDriverInstance(reusable.java:36)
at testScripts.W3School_Test.setUp(W3School_Test.java:22)
at java.base/java.util.ArrayList.forEach(ArrayList.java:1511)
at java.base/java.util.concurrent.FutureTask.run(FutureTask.java:264)
at java.base/java.util.concurrent.ThreadPoolExecutor.runWorker(ThreadPoolExecutor.java:1136)
at java.base/java.util.concurrent.ThreadPoolExecutor$Worker.run(ThreadPoolExecutor.java:635)
at java.base/java.lang.Thread.run(Thread.java:833)
... Removed 15 stack frames]]>
    </failure>
  </testcase> <!-- @BeforeClass setUp -->
  <testcase classname="testScripts.GoogleTest" name="@AfterClass tearDown" time="0.0">
    <skipped/>
  </testcase> <!-- @AfterClass tearDown -->
  <testcase classname="testScripts.W3School_Test" name="@AfterClass tearDown" time="0.0">
    <skipped/>
  </testcase> <!-- @AfterClass tearDown -->
  <testcase classname="testScripts.GoogleTest" name="test_theLogo" time="0.0">
    <skipped/>
  </testcase> <!-- test_theLogo -->
  <testcase classname="testScripts.GoogleTest" name="test_the_SearchTextBox" time="0.0">
    <skipped/>
  </testcase> <!-- test_the_SearchTextBox -->
  <testcase classname="testScripts.GoogleTest" name="title_url" time="0.0">
    <skipped/>
  </testcase> <!-- title_url -->
</testsuite> <!-- Google -->
